<?xml version="1.0" encoding="UTF-8"?>
<!-- Generated by org.testng.reporters.JUnitXMLReporter -->
<testsuite hostname="Lenovo" ignored="0" name="Test" tests="4" failures="0" timestamp="07 Dec 2021 13:25:01 GMT" time="78.558" errors="0">
  <testcase name="tcs1" time="4.758" classname="org.testng.Testing"/>
  <testcase name="tcs1" time="15.397" classname="org.testng.Testing"/>
  <testcase name="tcs1" time="30.244" classname="org.testng.Testing"/>
  <testcase name="tcs1" time="10.274" classname="org.testng.Testing"/>
</testsuite> <!-- Test -->
